2017-05-28 11:33:18.173  INFO 3260 --- [main] org.fsoft.tms.TmsApplication             : Starting TmsApplication on ISABELLA with PID 3260 (E:\IdeaProjects\TMS_Project2\target\classes started by Isabella in E:\IdeaProjects\TMS_Project2)
2017-05-28 11:33:18.192  INFO 3260 --- [main] org.fsoft.tms.TmsApplication             : No active profile set, falling back to default profiles: default
2017-05-28 11:33:19.329  INFO 3260 --- [main] ationConfigEmbeddedWebApplicationContext : Refreshing org.springframework.boot.context.embedded.AnnotationConfigEmbeddedWebApplicationContext@2a40cd94: startup date [Sun May 28 11:33:19 ICT 2017]; root of context hierarchy
2017-05-28 11:33:24.874  INFO 3260 --- [main] trationDelegate$BeanPostProcessorChecker : Bean 'org.springframework.ws.config.annotation.DelegatingWsConfiguration' of type [org.springframework.ws.config.annotation.DelegatingWsConfiguration$$EnhancerBySpringCGLIB$$314798fe] is not eligible for getting processed by all BeanPostProcessors (for example: not eligible for auto-proxying)
2017-05-28 11:33:25.038  INFO 3260 --- [main] .w.s.a.s.AnnotationActionEndpointMapping : Supporting [WS-Addressing August 2004, WS-Addressing 1.0]
2017-05-28 11:33:28.320  INFO 3260 --- [main] s.b.c.e.t.TomcatEmbeddedServletContainer : Tomcat initialized with port(s): 8080 (http)
2017-05-28 11:33:28.341  INFO 3260 --- [main] o.apache.catalina.core.StandardService   : Starting service Tomcat
2017-05-28 11:33:28.343  INFO 3260 --- [main] org.apache.catalina.core.StandardEngine  : Starting Servlet Engine: Apache Tomcat/8.5.14
2017-05-28 11:33:29.339  INFO 3260 --- [localhost-startStop-1] o.a.c.c.C.[Tomcat].[localhost].[/]       : Initializing Spring embedded WebApplicationContext
2017-05-28 11:33:29.339  INFO 3260 --- [localhost-startStop-1] o.s.web.context.ContextLoader            : Root WebApplicationContext: initialization completed in 10049 ms
2017-05-28 11:33:29.929  INFO 3260 --- [localhost-startStop-1] o.s.b.w.servlet.FilterRegistrationBean   : Mapping filter: 'characterEncodingFilter' to: [/*]
2017-05-28 11:33:29.940  INFO 3260 --- [localhost-startStop-1] o.s.b.w.servlet.FilterRegistrationBean   : Mapping filter: 'hiddenHttpMethodFilter' to: [/*]
2017-05-28 11:33:29.940  INFO 3260 --- [localhost-startStop-1] o.s.b.w.servlet.FilterRegistrationBean   : Mapping filter: 'httpPutFormContentFilter' to: [/*]
2017-05-28 11:33:29.940  INFO 3260 --- [localhost-startStop-1] o.s.b.w.servlet.FilterRegistrationBean   : Mapping filter: 'requestContextFilter' to: [/*]
2017-05-28 11:33:29.942  INFO 3260 --- [localhost-startStop-1] .s.DelegatingFilterProxyRegistrationBean : Mapping filter: 'springSecurityFilterChain' to: [/*]
2017-05-28 11:33:29.943  INFO 3260 --- [localhost-startStop-1] o.s.b.w.servlet.ServletRegistrationBean  : Mapping servlet: 'dispatcherServlet' to [/]
2017-05-28 11:33:29.945  INFO 3260 --- [localhost-startStop-1] o.s.b.w.servlet.ServletRegistrationBean  : Mapping servlet: 'messageDispatcherServlet' to [/services/*]
2017-05-28 11:33:30.701  INFO 3260 --- [main] j.LocalContainerEntityManagerFactoryBean : Building JPA container EntityManagerFactory for persistence unit 'default'
2017-05-28 11:33:34.765  INFO 3260 --- [main] j.LocalContainerEntityManagerFactoryBean : Initialized JPA EntityManagerFactory for persistence unit 'default'
2017-05-28 11:33:36.792  INFO 3260 --- [main] o.s.s.web.DefaultSecurityFilterChain     : Creating filter chain: org.springframework.security.web.util.matcher.AnyRequestMatcher@1, [org.springframework.security.web.context.request.async.WebAsyncManagerIntegrationFilter@6cd2cb2, org.springframework.security.web.context.SecurityContextPersistenceFilter@1850f2da, org.springframework.security.web.header.HeaderWriterFilter@59313495, org.springframework.security.web.authentication.logout.LogoutFilter@261275ae, org.springframework.security.web.authentication.UsernamePasswordAuthenticationFilter@c6a692e, org.springframework.security.web.savedrequest.RequestCacheAwareFilter@6ace919c, org.springframework.security.web.servletapi.SecurityContextHolderAwareRequestFilter@76b5a559, org.springframework.security.web.authentication.AnonymousAuthenticationFilter@3a2bb026, org.springframework.security.web.session.SessionManagementFilter@455cbf18, org.springframework.security.web.access.ExceptionTranslationFilter@42ecc554, org.springframework.security.web.access.intercept.FilterSecurityInterceptor@68a426c3]
2017-05-28 11:33:36.960  INFO 3260 --- [main] s.w.s.m.m.a.RequestMappingHandlerAdapter : Looking for @ControllerAdvice: org.springframework.boot.context.embedded.AnnotationConfigEmbeddedWebApplicationContext@2a40cd94: startup date [Sun May 28 11:33:19 ICT 2017]; root of context hierarchy
2017-05-28 11:33:37.058  INFO 3260 --- [main] s.w.s.m.m.a.RequestMappingHandlerMapping : Mapped "{[/**/category/add]}" onto public java.lang.String org.fsoft.tms.controller.CategoryController.getPageAddCategory(org.springframework.ui.Model)
2017-05-28 11:33:37.059  INFO 3260 --- [main] s.w.s.m.m.a.RequestMappingHandlerMapping : Mapped "{[/**/category/delete/{id}]}" onto public java.lang.String org.fsoft.tms.controller.CategoryController.deleteCatogory(java.lang.String)
2017-05-28 11:33:37.059  INFO 3260 --- [main] s.w.s.m.m.a.RequestMappingHandlerMapping : Mapped "{[/**/category/update/{id}]}" onto public java.lang.String org.fsoft.tms.controller.CategoryController.updateCategory(java.lang.String,org.springframework.ui.Model)
2017-05-28 11:33:37.059  INFO 3260 --- [main] s.w.s.m.m.a.RequestMappingHandlerMapping : Mapped "{[/**/category/update]}" onto public java.lang.String org.fsoft.tms.controller.CategoryController.updateCatogory(org.fsoft.tms.entity.Category)
2017-05-28 11:33:37.060  INFO 3260 --- [main] s.w.s.m.m.a.RequestMappingHandlerMapping : Mapped "{[/**/category/addCategory]}" onto public java.lang.String org.fsoft.tms.controller.CategoryController.addCategory(org.fsoft.tms.entity.Category)
2017-05-28 11:33:37.060  INFO 3260 --- [main] s.w.s.m.m.a.RequestMappingHandlerMapping : Mapped "{[/**/category/index]}" onto public java.lang.String org.fsoft.tms.controller.CategoryController.getAllCategory(org.springframework.ui.Model)
2017-05-28 11:33:37.062  INFO 3260 --- [main] s.w.s.m.m.a.RequestMappingHandlerMapping : Mapped "{[/tms/course/add]}" onto public java.lang.String org.fsoft.tms.controller.CourseController.getPageAddCourse(org.springframework.ui.Model)
2017-05-28 11:33:37.062  INFO 3260 --- [main] s.w.s.m.m.a.RequestMappingHandlerMapping : Mapped "{[/tms/course/addCourse]}" onto public java.lang.String org.fsoft.tms.controller.CourseController.addCourse(org.fsoft.tms.entity.Course)
2017-05-28 11:33:37.062  INFO 3260 --- [main] s.w.s.m.m.a.RequestMappingHandlerMapping : Mapped "{[/tms/course/index]}" onto public java.lang.String org.fsoft.tms.controller.CourseController.getPageIndex(org.springframework.ui.Model)
2017-05-28 11:33:37.063  INFO 3260 --- [main] s.w.s.m.m.a.RequestMappingHandlerMapping : Mapped "{[/tms/course/addStaff]}" onto public java.lang.String org.fsoft.tms.controller.CourseController.addStaff()
2017-05-28 11:33:37.063  INFO 3260 --- [main] s.w.s.m.m.a.RequestMappingHandlerMapping : Mapped "{[/tms/course/update/{id}]}" onto public java.lang.String org.fsoft.tms.controller.CourseController.updateCourse(java.lang.String,org.springframework.ui.Model)
2017-05-28 11:33:37.063  INFO 3260 --- [main] s.w.s.m.m.a.RequestMappingHandlerMapping : Mapped "{[/tms/course/updateCourse]}" onto public java.lang.String org.fsoft.tms.controller.CourseController.updateCourse(org.fsoft.tms.entity.Course)
2017-05-28 11:33:37.064  INFO 3260 --- [main] s.w.s.m.m.a.RequestMappingHandlerMapping : Mapped "{[/email/trigger],methods=[POST]}" onto public java.lang.String org.fsoft.tms.controller.EmailController.triggerEmail(java.lang.String,java.lang.String,java.lang.String)
2017-05-28 11:33:37.066  INFO 3260 --- [main] s.w.s.m.m.a.RequestMappingHandlerMapping : Mapped "{[/]}" onto public java.lang.String org.fsoft.tms.controller.LoginController.index()
2017-05-28 11:33:37.066  INFO 3260 --- [main] s.w.s.m.m.a.RequestMappingHandlerMapping : Mapped "{[/logout]}" onto public java.lang.String org.fsoft.tms.controller.LoginController.logout(javax.servlet.http.HttpServletRequest,javax.servlet.http.HttpServletResponse)
2017-05-28 11:33:37.067  INFO 3260 --- [main] s.w.s.m.m.a.RequestMappingHandlerMapping : Mapped "{[/admin]}" onto public java.lang.String org.fsoft.tms.controller.LoginController.admin()
2017-05-28 11:33:37.067  INFO 3260 --- [main] s.w.s.m.m.a.RequestMappingHandlerMapping : Mapped "{[/trainer]}" onto public java.lang.String org.fsoft.tms.controller.LoginController.trainer()
2017-05-28 11:33:37.067  INFO 3260 --- [main] s.w.s.m.m.a.RequestMappingHandlerMapping : Mapped "{[/403]}" onto public java.lang.String org.fsoft.tms.controller.LoginController.accessDenied()
2017-05-28 11:33:37.068  INFO 3260 --- [main] s.w.s.m.m.a.RequestMappingHandlerMapping : Mapped "{[/staff]}" onto public java.lang.String org.fsoft.tms.controller.LoginController.staff()
2017-05-28 11:33:37.068  INFO 3260 --- [main] s.w.s.m.m.a.RequestMappingHandlerMapping : Mapped "{[/login]}" onto public java.lang.String org.fsoft.tms.controller.LoginController.getLogin()
2017-05-28 11:33:37.070  INFO 3260 --- [main] s.w.s.m.m.a.RequestMappingHandlerMapping : Mapped "{[/demo/server/permission/addRole]}" onto public java.lang.String org.fsoft.tms.controller.PermissionController.addRole()
2017-05-28 11:33:37.070  INFO 3260 --- [main] s.w.s.m.m.a.RequestMappingHandlerMapping : Mapped "{[/demo/server/permission/getall]}" onto public java.lang.String org.fsoft.tms.controller.PermissionController.getAllCourse(org.springframework.ui.Model)
2017-05-28 11:33:37.071  INFO 3260 --- [main] s.w.s.m.m.a.RequestMappingHandlerMapping : Mapped "{[/demo/server/permission/add]}" onto public java.lang.String org.fsoft.tms.controller.PermissionController.getPageAddCourse(org.springframework.ui.Model)
2017-05-28 11:33:37.071  INFO 3260 --- [main] s.w.s.m.m.a.RequestMappingHandlerMapping : Mapped "{[/demo/server/permission/addPermission]}" onto public java.lang.String org.fsoft.tms.controller.PermissionController.addCourse(org.fsoft.tms.entity.Permission)
2017-05-28 11:33:37.072  INFO 3260 --- [main] s.w.s.m.m.a.RequestMappingHandlerMapping : Mapped "{[/demo/server/property/getall]}" onto public java.lang.String org.fsoft.tms.controller.PropertyController.getAllCourse(org.springframework.ui.Model)
2017-05-28 11:33:37.072  INFO 3260 --- [main] s.w.s.m.m.a.RequestMappingHandlerMapping : Mapped "{[/demo/server/property/add]}" onto public java.lang.String org.fsoft.tms.controller.PropertyController.getPageAddCourse(org.springframework.ui.Model)
2017-05-28 11:33:37.072  INFO 3260 --- [main] s.w.s.m.m.a.RequestMappingHandlerMapping : Mapped "{[/demo/server/property/addProperty]}" onto public java.lang.String org.fsoft.tms.controller.PropertyController.addCourse(org.fsoft.tms.entity.Property)
2017-05-28 11:33:37.073  INFO 3260 --- [main] s.w.s.m.m.a.RequestMappingHandlerMapping : Mapped "{[/demo/server/role/addPermission]}" onto public java.lang.String org.fsoft.tms.controller.RoleController.addRolePermission()
2017-05-28 11:33:37.073  INFO 3260 --- [main] s.w.s.m.m.a.RequestMappingHandlerMapping : Mapped "{[/demo/server/role/getall]}" onto public java.lang.String org.fsoft.tms.controller.RoleController.getAllCourse(org.springframework.ui.Model)
2017-05-28 11:33:37.073  INFO 3260 --- [main] s.w.s.m.m.a.RequestMappingHandlerMapping : Mapped "{[/demo/server/role/add]}" onto public java.lang.String org.fsoft.tms.controller.RoleController.getPageAddCourse(org.springframework.ui.Model)
2017-05-28 11:33:37.074  INFO 3260 --- [main] s.w.s.m.m.a.RequestMappingHandlerMapping : Mapped "{[/demo/server/role/addRole]}" onto public java.lang.String org.fsoft.tms.controller.RoleController.addCourse(org.fsoft.tms.entity.Role)
2017-05-28 11:33:37.074  INFO 3260 --- [main] s.w.s.m.m.a.RequestMappingHandlerMapping : Mapped "{[/tms/topic/index]}" onto public java.lang.String org.fsoft.tms.controller.TopicController.getPageIndex(org.springframework.ui.Model)
2017-05-28 11:33:37.075  INFO 3260 --- [main] s.w.s.m.m.a.RequestMappingHandlerMapping : Mapped "{[/tms/topic/update/{id}]}" onto public java.lang.String org.fsoft.tms.controller.TopicController.getPageAdd(java.lang.String,org.springframework.ui.Model)
2017-05-28 11:33:37.075  INFO 3260 --- [main] s.w.s.m.m.a.RequestMappingHandlerMapping : Mapped "{[/tms/topic/add]}" onto public java.lang.String org.fsoft.tms.controller.TopicController.getPageAdd(org.springframework.ui.Model)
2017-05-28 11:33:37.076  INFO 3260 --- [main] s.w.s.m.m.a.RequestMappingHandlerMapping : Mapped "{[/tms/trainer/index]}" onto public java.lang.String org.fsoft.tms.controller.TrainerController.getPageIndex(org.springframework.ui.Model)
2017-05-28 11:33:37.076  INFO 3260 --- [main] s.w.s.m.m.a.RequestMappingHandlerMapping : Mapped "{[/tms/trainer/update/{id}]}" onto public java.lang.String org.fsoft.tms.controller.TrainerController.getPageUpdate(java.lang.String,org.springframework.ui.Model)
2017-05-28 11:33:37.076  INFO 3260 --- [main] s.w.s.m.m.a.RequestMappingHandlerMapping : Mapped "{[/tms/trainer/profile/{id}]}" onto public java.lang.String org.fsoft.tms.controller.TrainerController.getPageProfile(java.lang.String,org.springframework.ui.Model)
2017-05-28 11:33:37.078  INFO 3260 --- [main] s.w.s.m.m.a.RequestMappingHandlerMapping : Mapped "{[/demo/server/user/addProperty]}" onto public java.lang.String org.fsoft.tms.controller.UserController.addRolePermission()
2017-05-28 11:33:37.079  INFO 3260 --- [main] s.w.s.m.m.a.RequestMappingHandlerMapping : Mapped "{[/demo/server/user/addRole]}" onto public java.lang.String org.fsoft.tms.controller.UserController.addRole()
2017-05-28 11:33:37.079  INFO 3260 --- [main] s.w.s.m.m.a.RequestMappingHandlerMapping : Mapped "{[/demo/server/user/getall]}" onto public java.lang.String org.fsoft.tms.controller.UserController.getAllCourse(org.springframework.ui.Model)
2017-05-28 11:33:37.079  INFO 3260 --- [main] s.w.s.m.m.a.RequestMappingHandlerMapping : Mapped "{[/demo/server/user/add]}" onto public java.lang.String org.fsoft.tms.controller.UserController.getPageAddCourse(org.springframework.ui.Model)
2017-05-28 11:33:37.079  INFO 3260 --- [main] s.w.s.m.m.a.RequestMappingHandlerMapping : Mapped "{[/demo/server/user/addUser]}" onto public java.lang.String org.fsoft.tms.controller.UserController.addCourse(org.fsoft.tms.entity.User)
2017-05-28 11:33:37.081  INFO 3260 --- [main] s.w.s.m.m.a.RequestMappingHandlerMapping : Mapped "{[/error]}" onto public org.springframework.http.ResponseEntity<java.util.Map<java.lang.String, java.lang.Object>> org.springframework.boot.autoconfigure.web.BasicErrorController.error(javax.servlet.http.HttpServletRequest)
2017-05-28 11:33:37.081  INFO 3260 --- [main] s.w.s.m.m.a.RequestMappingHandlerMapping : Mapped "{[/error],produces=[text/html]}" onto public org.springframework.web.servlet.ModelAndView org.springframework.boot.autoconfigure.web.BasicErrorController.errorHtml(javax.servlet.http.HttpServletRequest,javax.servlet.http.HttpServletResponse)
2017-05-28 11:33:37.112  INFO 3260 --- [main] o.s.w.s.handler.SimpleUrlHandlerMapping  : Mapped URL path [/webjars/**] onto handler of type [class org.springframework.web.servlet.resource.ResourceHttpRequestHandler]
2017-05-28 11:33:37.113  INFO 3260 --- [main] o.s.w.s.handler.SimpleUrlHandlerMapping  : Mapped URL path [/**] onto handler of type [class org.springframework.web.servlet.resource.ResourceHttpRequestHandler]
2017-05-28 11:33:37.181  INFO 3260 --- [main] o.s.w.s.handler.SimpleUrlHandlerMapping  : Mapped URL path [/**/favicon.ico] onto handler of type [class org.springframework.web.servlet.resource.ResourceHttpRequestHandler]
2017-05-28 11:33:38.209  INFO 3260 --- [main] o.s.j.e.a.AnnotationMBeanExporter        : Registering beans for JMX exposure on startup
2017-05-28 11:33:38.435  INFO 3260 --- [main] s.b.c.e.t.TomcatEmbeddedServletContainer : Tomcat started on port(s): 8080 (http)
2017-05-28 11:33:38.490  INFO 3260 --- [main] org.fsoft.tms.TmsApplication             : Started TmsApplication in 21.695 seconds (JVM running for 31.648)
2017-05-28 11:35:44.794  INFO 3260 --- [http-nio-8080-exec-1] o.a.c.c.C.[Tomcat].[localhost].[/]       : Initializing Spring FrameworkServlet 'dispatcherServlet'
2017-05-28 11:35:44.796  INFO 3260 --- [http-nio-8080-exec-1] o.s.web.servlet.DispatcherServlet        : FrameworkServlet 'dispatcherServlet': initialization started
2017-05-28 11:35:44.848  INFO 3260 --- [http-nio-8080-exec-1] o.s.web.servlet.DispatcherServlet        : FrameworkServlet 'dispatcherServlet': initialization completed in 52 ms
